Flow report for checker_crc_8
Wed Dec  9 22:48:48 2020
Quartus Prime Version 20.1.0 Build 711 06/05/2020 SJ Lite Edition


---------------------
; Table of Contents ;
---------------------
  1. Legal Notice
  2. Flow Summary
  3. Flow Settings
  4. Flow Non-Default Global Settings
  5. Flow Elapsed Time
  6. Flow OS Summary
  7. Flow Log
  8. Flow Messages
  9. Flow Suppressed Messages



----------------
; Legal Notice ;
----------------
Copyright (C) 2020  Intel Corporation. All rights reserved.
Your use of Intel Corporation's design tools, logic functions 
and other software and tools, and any partner logic 
functions, and any output files from any of the foregoing 
(including device programming or simulation files), and any 
associated documentation or information are expressly subject 
to the terms and conditions of the Intel Program License 
Subscription Agreement, the Intel Quartus Prime License Agreement,
the Intel FPGA IP License Agreement, or other applicable license
agreement, including, without limitation, that your use is for
the sole purpose of programming logic devices manufactured by
Intel and sold by Intel or its authorized distributors.  Please
refer to the applicable agreement for further details, at
https://fpgasoftware.intel.com/eula.



+----------------------------------------------------------------------------------+
; Flow Summary                                                                     ;
+------------------------------------+---------------------------------------------+
; Flow Status                        ; Successful - Wed Dec  9 22:48:48 2020       ;
; Quartus Prime Version              ; 20.1.0 Build 711 06/05/2020 SJ Lite Edition ;
; Revision Name                      ; checker_crc_8                               ;
; Top-level Entity Name              ; checker_CRC_8                               ;
; Family                             ; Cyclone IV GX                               ;
; Total logic elements               ; 23 / 14,400 ( < 1 % )                       ;
;     Total combinational functions  ; 23 / 14,400 ( < 1 % )                       ;
;     Dedicated logic registers      ; 0 / 14,400 ( 0 % )                          ;
; Total registers                    ; 0                                           ;
; Total pins                         ; 25 / 81 ( 31 % )                            ;
; Total virtual pins                 ; 0                                           ;
; Total memory bits                  ; 0 / 552,960 ( 0 % )                         ;
; Embedded Multiplier 9-bit elements ; 0                                           ;
; Total GXB Receiver Channel PCS     ; 0 / 2 ( 0 % )                               ;
; Total GXB Receiver Channel PMA     ; 0 / 2 ( 0 % )                               ;
; Total GXB Transmitter Channel PCS  ; 0 / 2 ( 0 % )                               ;
; Total GXB Transmitter Channel PMA  ; 0 / 2 ( 0 % )                               ;
; Total PLLs                         ; 0 / 3 ( 0 % )                               ;
; Device                             ; EP4CGX15BF14C6                              ;
; Timing Models                      ; Final                                       ;
+------------------------------------+---------------------------------------------+


+-----------------------------------------+
; Flow Settings                           ;
+-------------------+---------------------+
; Option            ; Setting             ;
+-------------------+---------------------+
; Start date & time ; 12/09/2020 22:47:05 ;
; Main task         ; Compilation         ;
; Revision Name     ; checker_crc_8       ;
+-------------------+---------------------+


+-----------------------------------------------------------------------------------------------------------------------------+
; Flow Non-Default Global Settings                                                                                            ;
+-------------------------------------+----------------------------------------+---------------+-------------+----------------+
; Assignment Name                     ; Value                                  ; Default Value ; Entity Name ; Section Id     ;
+-------------------------------------+----------------------------------------+---------------+-------------+----------------+
; COMPILER_SIGNATURE_ID               ; 250974920162250.160755402556499        ; --            ; --          ; --             ;
; EDA_OUTPUT_DATA_FORMAT              ; Vhdl                                   ; --            ; --          ; eda_simulation ;
; EDA_SIMULATION_TOOL                 ; ModelSim-Altera (VHDL)                 ; <None>        ; --          ; --             ;
; EDA_TIME_SCALE                      ; 1 ps                                   ; --            ; --          ; eda_simulation ;
; PARTITION_COLOR                     ; -- (Not supported for targeted family) ; --            ; --          ; Top            ;
; PARTITION_FITTER_PRESERVATION_LEVEL ; -- (Not supported for targeted family) ; --            ; --          ; Top            ;
; PARTITION_NETLIST_TYPE              ; -- (Not supported for targeted family) ; --            ; --          ; Top            ;
; PROJECT_OUTPUT_DIRECTORY            ; output_files                           ; --            ; --          ; --             ;
+-------------------------------------+----------------------------------------+---------------+-------------+----------------+


+--------------------------------------------------------------------------------------------------------------------------+
; Flow Elapsed Time                                                                                                        ;
+----------------------+--------------+-------------------------+---------------------+------------------------------------+
; Module Name          ; Elapsed Time ; Average Processors Used ; Peak Virtual Memory ; Total CPU Time (on all processors) ;
+----------------------+--------------+-------------------------+---------------------+------------------------------------+
; Analysis & Synthesis ; 00:00:09     ; 1.0                     ; 479 MB              ; 00:00:23                           ;
; Fitter               ; 00:00:05     ; 1.0                     ; 1025 MB             ; 00:00:05                           ;
; Assembler            ; 00:00:00     ; 1.0                     ; 412 MB              ; 00:00:01                           ;
; Timing Analyzer      ; 00:00:01     ; 1.0                     ; 432 MB              ; 00:00:01                           ;
; EDA Netlist Writer   ; 00:00:01     ; 1.0                     ; 662 MB              ; 00:00:00                           ;
; EDA Netlist Writer   ; 00:00:00     ; 1.0                     ; 662 MB              ; 00:00:00                           ;
; EDA Netlist Writer   ; 00:00:00     ; 1.0                     ; 662 MB              ; 00:00:00                           ;
; EDA Netlist Writer   ; 00:00:01     ; 1.0                     ; 662 MB              ; 00:00:00                           ;
; EDA Netlist Writer   ; 00:00:01     ; 1.0                     ; 661 MB              ; 00:00:00                           ;
; EDA Netlist Writer   ; 00:00:01     ; 1.0                     ; 661 MB              ; 00:00:00                           ;
; EDA Netlist Writer   ; 00:00:01     ; 1.0                     ; 662 MB              ; 00:00:00                           ;
; Total                ; 00:00:20     ; --                      ; --                  ; 00:00:30                           ;
+----------------------+--------------+-------------------------+---------------------+------------------------------------+


+----------------------------------------------------------------------------------------+
; Flow OS Summary                                                                        ;
+----------------------+------------------+----------------+------------+----------------+
; Module Name          ; Machine Hostname ; OS Name        ; OS Version ; Processor type ;
+----------------------+------------------+----------------+------------+----------------+
; Analysis & Synthesis ; andralves-TM1701 ; Ubuntu 20.04.1 ; 20         ; x86_64         ;
; Fitter               ; andralves-TM1701 ; Ubuntu 20.04.1 ; 20         ; x86_64         ;
; Assembler            ; andralves-TM1701 ; Ubuntu 20.04.1 ; 20         ; x86_64         ;
; Timing Analyzer      ; andralves-TM1701 ; Ubuntu 20.04.1 ; 20         ; x86_64         ;
; EDA Netlist Writer   ; andralves-TM1701 ; Ubuntu 20.04.1 ; 20         ; x86_64         ;
; EDA Netlist Writer   ; andralves-TM1701 ; Ubuntu 20.04.1 ; 20         ; x86_64         ;
; EDA Netlist Writer   ; andralves-TM1701 ; Ubuntu 20.04.1 ; 20         ; x86_64         ;
; EDA Netlist Writer   ; andralves-TM1701 ; Ubuntu 20.04.1 ; 20         ; x86_64         ;
; EDA Netlist Writer   ; andralves-TM1701 ; Ubuntu 20.04.1 ; 20         ; x86_64         ;
; EDA Netlist Writer   ; andralves-TM1701 ; Ubuntu 20.04.1 ; 20         ; x86_64         ;
; EDA Netlist Writer   ; andralves-TM1701 ; Ubuntu 20.04.1 ; 20         ; x86_64         ;
+----------------------+------------------+----------------+------------+----------------+


------------
; Flow Log ;
------------
quartus_map --read_settings_files=on --write_settings_files=off checker_crc_8 -c checker_crc_8
quartus_fit --read_settings_files=off --write_settings_files=off checker_crc_8 -c checker_crc_8
quartus_asm --read_settings_files=off --write_settings_files=off checker_crc_8 -c checker_crc_8
quartus_sta checker_crc_8 -c checker_crc_8
quartus_eda --read_settings_files=off --write_settings_files=off checker_crc_8 -c checker_crc_8
quartus_eda --gen_testbench --tool=modelsim_oem --format=vhdl --write_settings_files=off checker_crc_8 -c checker_crc_8 --vector_source=/home/andralves/Documents/ACA/Projeto/projeto_git/checker_parallel/Waveform.vwf --testbench_file=/home/andralves/Documents/ACA/Projeto/projeto_git/checker_parallel/simulation/qsim/Waveform.vwf.vht
quartus_eda --write_settings_files=off --simulation=on --functional=on --flatten_buses=off --tool=modelsim_oem --format=vhdl --output_directory=/home/andralves/Documents/ACA/Projeto/projeto_git/checker_parallel/simulation/qsim/ checker_crc_8 -c checker_crc_8
quartus_eda --gen_testbench --tool=modelsim_oem --format=vhdl --write_settings_files=off checker_crc_8 -c checker_crc_8 --vector_source=/home/andralves/Documents/ACA/Projeto/projeto_git/checker_parallel/Waveform.vwf --testbench_file=/home/andralves/Documents/ACA/Projeto/projeto_git/checker_parallel/simulation/qsim/Waveform.vwf.vht
quartus_eda --write_settings_files=off --simulation=on --functional=on --flatten_buses=off --tool=modelsim_oem --format=vhdl --output_directory=/home/andralves/Documents/ACA/Projeto/projeto_git/checker_parallel/simulation/qsim/ checker_crc_8 -c checker_crc_8
quartus_eda --gen_testbench --tool=modelsim_oem --format=vhdl --write_settings_files=off checker_crc_8 -c checker_crc_8 --vector_source=/home/andralves/Documents/ACA/Projeto/projeto_git/checker_parallel/Waveform.vwf --testbench_file=/home/andralves/Documents/ACA/Projeto/projeto_git/checker_parallel/simulation/qsim/Waveform.vwf.vht
quartus_eda --write_settings_files=off --simulation=on --functional=on --flatten_buses=off --tool=modelsim_oem --format=vhdl --output_directory=/home/andralves/Documents/ACA/Projeto/projeto_git/checker_parallel/simulation/qsim/ checker_crc_8 -c checker_crc_8



